<?xml version="1.0" encoding="UTF-8"?>
<!-- Generated by org.testng.reporters.JUnitXMLReporter -->
<testsuite ignored="0" hostname="DESKTOP-ICC5NER" failures="0" tests="5" name="Default test" time="26.268" errors="0" timestamp="2023-07-02T13:24:58 IST">
  <testcase classname="testCases.Expenses" name="login" time="3.003"/>
  <testcase classname="testCases.Expenses" name="addExpense" time="8.496"/>
  <testcase classname="testCases.Expenses" name="doPayment" time="4.59"/>
  <testcase classname="testCases.Expenses" name="downloadExpenses" time="0.223"/>
  <testcase classname="testCases.Expenses" name="deleteExpenses" time="1.555"/>
</testsuite> <!-- Default test -->
