<?xml version="1.0" encoding="UTF-8"?>
<!-- Generated by org.testng.reporters.JUnitXMLReporter -->
<testsuite ignored="2" hostname="DESKTOP-ICC5NER" failures="0" tests="2" name="Default test" time="26.612" errors="0" timestamp="2023-07-03T15:58:29 IST">
  <testcase classname="testCases.Contacts" name="login" time="3.413"/>
  <testcase classname="testCases.Contacts" name="suppliers" time="11.93"/>
  <testcase classname="testCases.Contacts" name="doPayment" time="0.0">
    <ignored/>
  </testcase> <!-- doPayment -->
  <testcase classname="testCases.Contacts" name="deleteSuppliers" time="0.0">
    <ignored/>
  </testcase> <!-- deleteSuppliers -->
</testsuite> <!-- Default test -->
