<?xml version="1.0" encoding="UTF-8"?>
<!-- Generated by org.testng.reporters.JUnitXMLReporter -->
<testsuite ignored="2" hostname="DESKTOP-ICC5NER" failures="0" tests="2" name="Test2" time="24.584" errors="0" timestamp="2023-07-06T14:36:38 IST">
  <testcase classname="testCases.Contacts" name="login" time="4.547"/>
  <testcase classname="testCases.Contacts" name="suppliers" time="8.113"/>
  <testcase classname="testCases.Contacts" name="doPayment" time="0.0">
    <ignored/>
  </testcase> <!-- doPayment -->
  <testcase classname="testCases.Contacts" name="deleteSuppliers" time="0.0">
    <ignored/>
  </testcase> <!-- deleteSuppliers -->
</testsuite> <!-- Test2 -->
