<?xml version="1.0" encoding="UTF-8"?>
<!-- Generated by org.testng.reporters.JUnitXMLReporter -->
<testsuite ignored="2" hostname="DESKTOP-ICC5NER" failures="0" tests="0" name="Test" time="11.057" errors="0" timestamp="2023-07-06T14:59:38 IST">
  <testcase classname="testCases.UserManagement" name="edit" time="0.0">
    <ignored/>
  </testcase> <!-- edit -->
  <testcase classname="testCases.UserManagement" name="delete" time="0.0">
    <ignored/>
  </testcase> <!-- delete -->
</testsuite> <!-- Test -->
