<?xml version="1.0" encoding="UTF-8"?>
<testng-results ignored="2" total="4" passed="2" failed="0" skipped="0">
  <reporter-output>
  </reporter-output>
  <suite started-at="2023-07-03T15:58:02 IST" name="Default suite" finished-at="2023-07-03T15:58:29 IST" duration-ms="26612">
    <groups>
    </groups>
    <test started-at="2023-07-03T15:58:02 IST" name="Default test" finished-at="2023-07-03T15:58:29 IST" duration-ms="26612">
      <class name="testCases.Contacts">
        <test-method is-config="true" signature="beforeTest()[pri:0, instance:testCases.Contacts@53976f5c]" started-at="2023-07-03T15:58:02 IST" name="beforeTest" finished-at="2023-07-03T15:58:13 IST" duration-ms="11036" status="PASS">
          <reporter-output>
          </reporter-output>
        </test-method> <!-- beforeTest -->
        <test-method signature="login(java.lang.String, java.lang.String)[pri:0, instance:testCases.Contacts@53976f5c]" started-at="2023-07-03T15:58:14 IST" name="login" data-provider="logins" finished-at="2023-07-03T15:58:17 IST" duration-ms="3413" status="PASS">
          <params>
            <param index="0">
              <value>
                <![CDATA[admin]]>
              </value>
            </param>
            <param index="1">
              <value>
                <![CDATA[123123]]>
              </value>
            </param>
          </params>
          <reporter-output>
          </reporter-output>
        </test-method> <!-- login -->
        <test-method signature="suppliers()[pri:1, instance:testCases.Contacts@53976f5c]" started-at="2023-07-03T15:58:17 IST" name="suppliers" finished-at="2023-07-03T15:58:29 IST" duration-ms="11930" status="PASS">
          <reporter-output>
          </reporter-output>
        </test-method> <!-- suppliers -->
        <test-method is-config="true" signature="afterTest()[pri:0, instance:testCases.Contacts@53976f5c]" started-at="2023-07-03T15:58:29 IST" name="afterTest" finished-at="2023-07-03T15:58:29 IST" duration-ms="142" status="PASS">
          <reporter-output>
          </reporter-output>
        </test-method> <!-- afterTest -->
      </class> <!-- testCases.Contacts -->
    </test> <!-- Default test -->
  </suite> <!-- Default suite -->
</testng-results>
