<?xml version="1.0" encoding="UTF-8"?>
<testng-results ignored="0" total="4" passed="4" failed="0" skipped="0">
  <reporter-output>
  </reporter-output>
  <suite started-at="2023-07-01T17:57:25 IST" name="Default suite" finished-at="2023-07-01T17:57:56 IST" duration-ms="30444">
    <groups>
    </groups>
    <test started-at="2023-07-01T17:57:25 IST" name="Default test" finished-at="2023-07-01T17:57:56 IST" duration-ms="30444">
      <class name="testCases.UserManagement">
        <test-method is-config="true" signature="beforeTest()[pri:0, instance:testCases.UserManagement@4e7912d8]" started-at="2023-07-01T17:57:25 IST" name="beforeTest" finished-at="2023-07-01T17:57:36 IST" duration-ms="10481" status="PASS">
          <reporter-output>
          </reporter-output>
        </test-method> <!-- beforeTest -->
        <test-method signature="login(java.lang.String, java.lang.String)[pri:0, instance:testCases.UserManagement@4e7912d8]" started-at="2023-07-01T17:57:36 IST" name="login" data-provider="logins" finished-at="2023-07-01T17:57:38 IST" duration-ms="2682" status="PASS">
          <params>
            <param index="0">
              <value>
                <![CDATA[admin]]>
              </value>
            </param>
            <param index="1">
              <value>
                <![CDATA[123123]]>
              </value>
            </param>
          </params>
          <reporter-output>
          </reporter-output>
        </test-method> <!-- login -->
        <test-method signature="user()[pri:1, instance:testCases.UserManagement@4e7912d8]" started-at="2023-07-01T17:57:39 IST" name="user" finished-at="2023-07-01T17:57:49 IST" duration-ms="10343" status="PASS">
          <reporter-output>
          </reporter-output>
        </test-method> <!-- user -->
        <test-method signature="edit()[pri:2, instance:testCases.UserManagement@4e7912d8]" started-at="2023-07-01T17:57:49 IST" name="edit" finished-at="2023-07-01T17:57:54 IST" duration-ms="4948" status="PASS">
          <reporter-output>
          </reporter-output>
        </test-method> <!-- edit -->
        <test-method signature="delete()[pri:3, instance:testCases.UserManagement@4e7912d8]" started-at="2023-07-01T17:57:54 IST" name="delete" finished-at="2023-07-01T17:57:56 IST" duration-ms="1776" status="PASS">
          <reporter-output>
          </reporter-output>
        </test-method> <!-- delete -->
        <test-method is-config="true" signature="afterTest()[pri:0, instance:testCases.UserManagement@4e7912d8]" started-at="2023-07-01T17:57:56 IST" name="afterTest" finished-at="2023-07-01T17:57:56 IST" duration-ms="162" status="PASS">
          <reporter-output>
          </reporter-output>
        </test-method> <!-- afterTest -->
      </class> <!-- testCases.UserManagement -->
    </test> <!-- Default test -->
  </suite> <!-- Default suite -->
</testng-results>
